<?xml version="1.0" encoding="UTF-8"?>
<!-- Generated by org.testng.reporters.JUnitReportReporter -->
<testsuite skipped="0" hostname="OPBL-5CG933380M" name="orangeHRM.testcases.Loginscenarios" tests="3" failures="0" timestamp="12 Jun 2020 03:10:00 GMT" time="9.858" errors="0">
  <testcase name="verifyPage" time="1.574" classname="orangeHRM.testcases.Loginscenarios"/>
  <testcase name="LoginToApplication" time="5.592" classname="orangeHRM.testcases.Loginscenarios"/>
  <testcase name="logoutFromApplication" time="2.692" classname="orangeHRM.testcases.Loginscenarios"/>
</testsuite> <!-- orangeHRM.testcases.Loginscenarios -->
