<?xml version="1.0" encoding="UTF-8"?>
<!-- Generated by org.testng.reporters.JUnitReportReporter -->
<testsuite skipped="0" hostname="OPBL-5CG933380M" name="orangeHRM.testcases.Loginscenarios" tests="3" failures="0" timestamp="10 Jun 2020 04:35:42 GMT" time="8.535" errors="0">
  <testcase name="verifyPage" time="0.235" classname="orangeHRM.testcases.Loginscenarios"/>
  <testcase name="LoginToApplication" time="5.116" classname="orangeHRM.testcases.Loginscenarios"/>
  <testcase name="logoutFromApplication" time="3.184" classname="orangeHRM.testcases.Loginscenarios"/>
</testsuite> <!-- orangeHRM.testcases.Loginscenarios -->
