<?xml version="1.0" encoding="UTF-8"?>
<!-- Generated by org.testng.reporters.JUnitReportReporter -->
<testsuite skipped="0" hostname="OPBL-5CG933380M" name="orangeHRM.testcases.CreateUserFromAdmin" tests="3" failures="0" timestamp="12 Jun 2020 03:10:00 GMT" time="13.066" errors="0">
  <testcase name="verifyPage" time="0.062" classname="orangeHRM.testcases.CreateUserFromAdmin"/>
  <testcase name="LoginToApplication" time="6.297" classname="orangeHRM.testcases.CreateUserFromAdmin"/>
  <testcase name="logoutFromApplication" time="6.707" classname="orangeHRM.testcases.CreateUserFromAdmin"/>
</testsuite> <!-- orangeHRM.testcases.CreateUserFromAdmin -->
